The system is: Linux - 5.10.102.1-microsoft-standard-WSL2 - x86_64
Compiling the CXX compiler identification source file "CMakeCXXCompilerId.cpp" succeeded.
Compiler: /usr/bin/g++-9 
Build flags: -O3;-std=c++17;-march=native
Id flags:  

The output was:
0


Compilation of the CXX compiler identification source "CMakeCXXCompilerId.cpp" produced "a.out"

The CXX compiler identification is GNU, found in "/home/anne/Masterarbeit/duneuro/build-release/duneuro-py/CMakeFiles/3.22.1/CompilerIdCXX/a.out"

Detecting CXX compiler ABI info compiled with the following output:
Change Dir: /home/anne/Masterarbeit/duneuro/build-release/duneuro-py/CMakeFiles/CMakeTmp

Run Build Command(s):/usr/bin/gmake -f Makefile cmTC_54a66/fast && /usr/bin/gmake  -f CMakeFiles/cmTC_54a66.dir/build.make CMakeFiles/cmTC_54a66.dir/build
gmake[1]: Entering directory '/home/anne/Masterarbeit/duneuro/build-release/duneuro-py/CMakeFiles/CMakeTmp'
Building CXX object CMakeFiles/cmTC_54a66.dir/CMakeCXXCompilerABI.cpp.o
/usr/bin/g++-9   -O3 -std=c++17 -march=native    -v -o CMakeFiles/cmTC_54a66.dir/CMakeCXXCompilerABI.cpp.o -c /usr/share/cmake-3.22/Modules/CMakeCXXCompilerABI.cpp
Using built-in specs.
COLLECT_GCC=/usr/bin/g++-9
OFFLOAD_TARGET_NAMES=nvptx-none:hsa
OFFLOAD_TARGET_DEFAULT=1
Target: x86_64-linux-gnu
Configured with: ../src/configure -v --with-pkgversion='Ubuntu 9.4.0-5ubuntu1' --with-bugurl=file:///usr/share/doc/gcc-9/README.Bugs --enable-languages=c,ada,c++,go,brig,d,fortran,objc,obj-c++,gm2 --prefix=/usr --with-gcc-major-version-only --program-suffix=-9 --program-prefix=x86_64-linux-gnu- --enable-shared --enable-linker-build-id --libexecdir=/usr/lib --without-included-gettext --enable-threads=posix --libdir=/usr/lib --enable-nls --enable-clocale=gnu --enable-libstdcxx-debug --enable-libstdcxx-time=yes --with-default-libstdcxx-abi=new --enable-gnu-unique-object --disable-vtable-verify --enable-plugin --enable-default-pie --with-system-zlib --with-target-system-zlib=auto --enable-objc-gc=auto --enable-multiarch --disable-werror --with-arch-32=i686 --with-abi=m64 --with-multilib-list=m32,m64,mx32 --enable-multilib --with-tune=generic --enable-offload-targets=nvptx-none=/build/gcc-9-bVKGhJ/gcc-9-9.4.0/debian/tmp-nvptx/usr,hsa --without-cuda-driver --enable-checking=release --build=x86_64-linux-gnu --host=x86_64-linux-gnu --target=x86_64-linux-gnu
Thread model: posix
gcc version 9.4.0 (Ubuntu 9.4.0-5ubuntu1) 
COLLECT_GCC_OPTIONS='-O3' '-std=c++17' '-march=native' '-v' '-o' 'CMakeFiles/cmTC_54a66.dir/CMakeCXXCompilerABI.cpp.o' '-c' '-shared-libgcc'
 /usr/lib/gcc/x86_64-linux-gnu/9/cc1plus -quiet -v -imultiarch x86_64-linux-gnu -D_GNU_SOURCE /usr/share/cmake-3.22/Modules/CMakeCXXCompilerABI.cpp -march=skylake -mmmx -mno-3dnow -msse -msse2 -msse3 -mssse3 -mno-sse4a -mcx16 -msahf -mmovbe -maes -mno-sha -mpclmul -mpopcnt -mabm -mno-lwp -mfma -mno-fma4 -mno-xop -mbmi -mno-sgx -mbmi2 -mno-pconfig -mno-wbnoinvd -mno-tbm -mavx -mavx2 -msse4.2 -msse4.1 -mlzcnt -mrtm -mhle -mrdrnd -mf16c -mfsgsbase -mrdseed -mprfchw -madx -mfxsr -mxsave -mxsaveopt -mno-avx512f -mno-avx512er -mno-avx512cd -mno-avx512pf -mno-prefetchwt1 -mclflushopt -mxsavec -mxsaves -mno-avx512dq -mno-avx512bw -mno-avx512vl -mno-avx512ifma -mno-avx512vbmi -mno-avx5124fmaps -mno-avx5124vnniw -mno-clwb -mno-mwaitx -mno-clzero -mno-pku -mno-rdpid -mno-gfni -mno-shstk -mno-avx512vbmi2 -mno-avx512vnni -mno-vaes -mno-vpclmulqdq -mno-avx512bitalg -mno-avx512vpopcntdq -mno-movdiri -mno-movdir64b -mno-waitpkg -mno-cldemote -mno-ptwrite --param l1-cache-size=32 --param l1-cache-line-size=64 --param l2-cache-size=3072 -mtune=skylake -quiet -dumpbase CMakeCXXCompilerABI.cpp -auxbase-strip CMakeFiles/cmTC_54a66.dir/CMakeCXXCompilerABI.cpp.o -O3 -std=c++17 -version -fasynchronous-unwind-tables -fstack-protector-strong -Wformat -Wformat-security -fstack-clash-protection -fcf-protection -o /tmp/cc1kELjW.s
GNU C++17 (Ubuntu 9.4.0-5ubuntu1) version 9.4.0 (x86_64-linux-gnu)
	compiled by GNU C version 9.4.0, GMP version 6.2.1, MPFR version 4.1.0, MPC version 1.2.1, isl version isl-0.24-GMP

GGC heuristics: --param ggc-min-expand=100 --param ggc-min-heapsize=131072
ignoring duplicate directory "/usr/include/x86_64-linux-gnu/c++/9"
ignoring nonexistent directory "/usr/local/include/x86_64-linux-gnu"
ignoring nonexistent directory "/usr/lib/gcc/x86_64-linux-gnu/9/include-fixed"
ignoring nonexistent directory "/usr/lib/gcc/x86_64-linux-gnu/9/../../../../x86_64-linux-gnu/include"
#include "..." search starts here:
#include <...> search starts here:
 /usr/include/c++/9
 /usr/include/x86_64-linux-gnu/c++/9
 /usr/include/c++/9/backward
 /usr/lib/gcc/x86_64-linux-gnu/9/include
 /usr/local/include
 /usr/include/x86_64-linux-gnu
 /usr/include
End of search list.
GNU C++17 (Ubuntu 9.4.0-5ubuntu1) version 9.4.0 (x86_64-linux-gnu)
	compiled by GNU C version 9.4.0, GMP version 6.2.1, MPFR version 4.1.0, MPC version 1.2.1, isl version isl-0.24-GMP

GGC heuristics: --param ggc-min-expand=100 --param ggc-min-heapsize=131072
Compiler executable checksum: 83f4808156dd9d6f2bd629dd1b1c806b
COLLECT_GCC_OPTIONS='-O3' '-std=c++17' '-march=native' '-v' '-o' 'CMakeFiles/cmTC_54a66.dir/CMakeCXXCompilerABI.cpp.o' '-c' '-shared-libgcc'
 as -v --64 -o CMakeFiles/cmTC_54a66.dir/CMakeCXXCompilerABI.cpp.o /tmp/cc1kELjW.s
GNU assembler version 2.38 (x86_64-linux-gnu) using BFD version (GNU Binutils for Ubuntu) 2.38
COMPILER_PATH=/usr/lib/gcc/x86_64-linux-gnu/9/:/usr/lib/gcc/x86_64-linux-gnu/9/:/usr/lib/gcc/x86_64-linux-gnu/:/usr/lib/gcc/x86_64-linux-gnu/9/:/usr/lib/gcc/x86_64-linux-gnu/
LIBRARY_PATH=/usr/lib/gcc/x86_64-linux-gnu/9/:/usr/lib/gcc/x86_64-linux-gnu/9/../../../x86_64-linux-gnu/:/usr/lib/gcc/x86_64-linux-gnu/9/../../../../lib/:/lib/x86_64-linux-gnu/:/lib/../lib/:/usr/lib/x86_64-linux-gnu/:/usr/lib/../lib/:/usr/lib/gcc/x86_64-linux-gnu/9/../../../:/lib/:/usr/lib/
COLLECT_GCC_OPTIONS='-O3' '-std=c++17' '-march=native' '-v' '-o' 'CMakeFiles/cmTC_54a66.dir/CMakeCXXCompilerABI.cpp.o' '-c' '-shared-libgcc'
Linking CXX executable cmTC_54a66
/usr/bin/cmake -E cmake_link_script CMakeFiles/cmTC_54a66.dir/link.txt --verbose=1
/usr/bin/g++-9 -O3 -std=c++17 -march=native   -v -rdynamic CMakeFiles/cmTC_54a66.dir/CMakeCXXCompilerABI.cpp.o -o cmTC_54a66 
Using built-in specs.
COLLECT_GCC=/usr/bin/g++-9
COLLECT_LTO_WRAPPER=/usr/lib/gcc/x86_64-linux-gnu/9/lto-wrapper
OFFLOAD_TARGET_NAMES=nvptx-none:hsa
OFFLOAD_TARGET_DEFAULT=1
Target: x86_64-linux-gnu
Configured with: ../src/configure -v --with-pkgversion='Ubuntu 9.4.0-5ubuntu1' --with-bugurl=file:///usr/share/doc/gcc-9/README.Bugs --enable-languages=c,ada,c++,go,brig,d,fortran,objc,obj-c++,gm2 --prefix=/usr --with-gcc-major-version-only --program-suffix=-9 --program-prefix=x86_64-linux-gnu- --enable-shared --enable-linker-build-id --libexecdir=/usr/lib --without-included-gettext --enable-threads=posix --libdir=/usr/lib --enable-nls --enable-clocale=gnu --enable-libstdcxx-debug --enable-libstdcxx-time=yes --with-default-libstdcxx-abi=new --enable-gnu-unique-object --disable-vtable-verify --enable-plugin --enable-default-pie --with-system-zlib --with-target-system-zlib=auto --enable-objc-gc=auto --enable-multiarch --disable-werror --with-arch-32=i686 --with-abi=m64 --with-multilib-list=m32,m64,mx32 --enable-multilib --with-tune=generic --enable-offload-targets=nvptx-none=/build/gcc-9-bVKGhJ/gcc-9-9.4.0/debian/tmp-nvptx/usr,hsa --without-cuda-driver --enable-checking=release --build=x86_64-linux-gnu --host=x86_64-linux-gnu --target=x86_64-linux-gnu
Thread model: posix
gcc version 9.4.0 (Ubuntu 9.4.0-5ubuntu1) 
COMPILER_PATH=/usr/lib/gcc/x86_64-linux-gnu/9/:/usr/lib/gcc/x86_64-linux-gnu/9/:/usr/lib/gcc/x86_64-linux-gnu/:/usr/lib/gcc/x86_64-linux-gnu/9/:/usr/lib/gcc/x86_64-linux-gnu/
LIBRARY_PATH=/usr/lib/gcc/x86_64-linux-gnu/9/:/usr/lib/gcc/x86_64-linux-gnu/9/../../../x86_64-linux-gnu/:/usr/lib/gcc/x86_64-linux-gnu/9/../../../../lib/:/lib/x86_64-linux-gnu/:/lib/../lib/:/usr/lib/x86_64-linux-gnu/:/usr/lib/../lib/:/usr/lib/gcc/x86_64-linux-gnu/9/../../../:/lib/:/usr/lib/
COLLECT_GCC_OPTIONS='-O3' '-std=c++17' '-march=native' '-v' '-rdynamic' '-o' 'cmTC_54a66' '-shared-libgcc'
 /usr/lib/gcc/x86_64-linux-gnu/9/collect2 -plugin /usr/lib/gcc/x86_64-linux-gnu/9/liblto_plugin.so -plugin-opt=/usr/lib/gcc/x86_64-linux-gnu/9/lto-wrapper -plugin-opt=-fresolution=/tmp/ccHyda6M.res -plugin-opt=-pass-through=-lgcc_s -plugin-opt=-pass-through=-lgcc -plugin-opt=-pass-through=-lc -plugin-opt=-pass-through=-lgcc_s -plugin-opt=-pass-through=-lgcc --build-id --eh-frame-hdr -m elf_x86_64 --hash-style=gnu --as-needed -export-dynamic -dynamic-linker /lib64/ld-linux-x86-64.so.2 -pie -z now -z relro -o cmTC_54a66 /usr/lib/gcc/x86_64-linux-gnu/9/../../../x86_64-linux-gnu/Scrt1.o /usr/lib/gcc/x86_64-linux-gnu/9/../../../x86_64-linux-gnu/crti.o /usr/lib/gcc/x86_64-linux-gnu/9/crtbeginS.o -L/usr/lib/gcc/x86_64-linux-gnu/9 -L/usr/lib/gcc/x86_64-linux-gnu/9/../../../x86_64-linux-gnu -L/usr/lib/gcc/x86_64-linux-gnu/9/../../../../lib -L/lib/x86_64-linux-gnu -L/lib/../lib -L/usr/lib/x86_64-linux-gnu -L/usr/lib/../lib -L/usr/lib/gcc/x86_64-linux-gnu/9/../../.. CMakeFiles/cmTC_54a66.dir/CMakeCXXCompilerABI.cpp.o -lstdc++ -lm -lgcc_s -lgcc -lc -lgcc_s -lgcc /usr/lib/gcc/x86_64-linux-gnu/9/crtendS.o /usr/lib/gcc/x86_64-linux-gnu/9/../../../x86_64-linux-gnu/crtn.o
COLLECT_GCC_OPTIONS='-O3' '-std=c++17' '-march=native' '-v' '-rdynamic' '-o' 'cmTC_54a66' '-shared-libgcc'
gmake[1]: Leaving directory '/home/anne/Masterarbeit/duneuro/build-release/duneuro-py/CMakeFiles/CMakeTmp'



Parsed CXX implicit include dir info from above output: rv=done
  found start of include info
  found start of implicit include info
    add: [/usr/include/c++/9]
    add: [/usr/include/x86_64-linux-gnu/c++/9]
    add: [/usr/include/c++/9/backward]
    add: [/usr/lib/gcc/x86_64-linux-gnu/9/include]
    add: [/usr/local/include]
    add: [/usr/include/x86_64-linux-gnu]
    add: [/usr/include]
  end of search list found
  collapse include dir [/usr/include/c++/9] ==> [/usr/include/c++/9]
  collapse include dir [/usr/include/x86_64-linux-gnu/c++/9] ==> [/usr/include/x86_64-linux-gnu/c++/9]
  collapse include dir [/usr/include/c++/9/backward] ==> [/usr/include/c++/9/backward]
  collapse include dir [/usr/lib/gcc/x86_64-linux-gnu/9/include] ==> [/usr/lib/gcc/x86_64-linux-gnu/9/include]
  collapse include dir [/usr/local/include] ==> [/usr/local/include]
  collapse include dir [/usr/include/x86_64-linux-gnu] ==> [/usr/include/x86_64-linux-gnu]
  collapse include dir [/usr/include] ==> [/usr/include]
  implicit include dirs: [/usr/include/c++/9;/usr/include/x86_64-linux-gnu/c++/9;/usr/include/c++/9/backward;/usr/lib/gcc/x86_64-linux-gnu/9/include;/usr/local/include;/usr/include/x86_64-linux-gnu;/usr/include]


Parsed CXX implicit link information from above output:
  link line regex: [^( *|.*[/\])(ld|CMAKE_LINK_STARTFILE-NOTFOUND|([^/\]+-)?ld|collect2)[^/\]*( |$)]
  ignore line: [Change Dir: /home/anne/Masterarbeit/duneuro/build-release/duneuro-py/CMakeFiles/CMakeTmp]
  ignore line: []
  ignore line: [Run Build Command(s):/usr/bin/gmake -f Makefile cmTC_54a66/fast && /usr/bin/gmake  -f CMakeFiles/cmTC_54a66.dir/build.make CMakeFiles/cmTC_54a66.dir/build]
  ignore line: [gmake[1]: Entering directory '/home/anne/Masterarbeit/duneuro/build-release/duneuro-py/CMakeFiles/CMakeTmp']
  ignore line: [Building CXX object CMakeFiles/cmTC_54a66.dir/CMakeCXXCompilerABI.cpp.o]
  ignore line: [/usr/bin/g++-9   -O3 -std=c++17 -march=native    -v -o CMakeFiles/cmTC_54a66.dir/CMakeCXXCompilerABI.cpp.o -c /usr/share/cmake-3.22/Modules/CMakeCXXCompilerABI.cpp]
  ignore line: [Using built-in specs.]
  ignore line: [COLLECT_GCC=/usr/bin/g++-9]
  ignore line: [OFFLOAD_TARGET_NAMES=nvptx-none:hsa]
  ignore line: [OFFLOAD_TARGET_DEFAULT=1]
  ignore line: [Target: x86_64-linux-gnu]
  ignore line: [Configured with: ../src/configure -v --with-pkgversion='Ubuntu 9.4.0-5ubuntu1' --with-bugurl=file:///usr/share/doc/gcc-9/README.Bugs --enable-languages=c ada c++ go brig d fortran objc obj-c++ gm2 --prefix=/usr --with-gcc-major-version-only --program-suffix=-9 --program-prefix=x86_64-linux-gnu- --enable-shared --enable-linker-build-id --libexecdir=/usr/lib --without-included-gettext --enable-threads=posix --libdir=/usr/lib --enable-nls --enable-clocale=gnu --enable-libstdcxx-debug --enable-libstdcxx-time=yes --with-default-libstdcxx-abi=new --enable-gnu-unique-object --disable-vtable-verify --enable-plugin --enable-default-pie --with-system-zlib --with-target-system-zlib=auto --enable-objc-gc=auto --enable-multiarch --disable-werror --with-arch-32=i686 --with-abi=m64 --with-multilib-list=m32 m64 mx32 --enable-multilib --with-tune=generic --enable-offload-targets=nvptx-none=/build/gcc-9-bVKGhJ/gcc-9-9.4.0/debian/tmp-nvptx/usr hsa --without-cuda-driver --enable-checking=release --build=x86_64-linux-gnu --host=x86_64-linux-gnu --target=x86_64-linux-gnu]
  ignore line: [Thread model: posix]
  ignore line: [gcc version 9.4.0 (Ubuntu 9.4.0-5ubuntu1) ]
  ignore line: [COLLECT_GCC_OPTIONS='-O3' '-std=c++17' '-march=native' '-v' '-o' 'CMakeFiles/cmTC_54a66.dir/CMakeCXXCompilerABI.cpp.o' '-c' '-shared-libgcc']
  ignore line: [ /usr/lib/gcc/x86_64-linux-gnu/9/cc1plus -quiet -v -imultiarch x86_64-linux-gnu -D_GNU_SOURCE /usr/share/cmake-3.22/Modules/CMakeCXXCompilerABI.cpp -march=skylake -mmmx -mno-3dnow -msse -msse2 -msse3 -mssse3 -mno-sse4a -mcx16 -msahf -mmovbe -maes -mno-sha -mpclmul -mpopcnt -mabm -mno-lwp -mfma -mno-fma4 -mno-xop -mbmi -mno-sgx -mbmi2 -mno-pconfig -mno-wbnoinvd -mno-tbm -mavx -mavx2 -msse4.2 -msse4.1 -mlzcnt -mrtm -mhle -mrdrnd -mf16c -mfsgsbase -mrdseed -mprfchw -madx -mfxsr -mxsave -mxsaveopt -mno-avx512f -mno-avx512er -mno-avx512cd -mno-avx512pf -mno-prefetchwt1 -mclflushopt -mxsavec -mxsaves -mno-avx512dq -mno-avx512bw -mno-avx512vl -mno-avx512ifma -mno-avx512vbmi -mno-avx5124fmaps -mno-avx5124vnniw -mno-clwb -mno-mwaitx -mno-clzero -mno-pku -mno-rdpid -mno-gfni -mno-shstk -mno-avx512vbmi2 -mno-avx512vnni -mno-vaes -mno-vpclmulqdq -mno-avx512bitalg -mno-avx512vpopcntdq -mno-movdiri -mno-movdir64b -mno-waitpkg -mno-cldemote -mno-ptwrite --param l1-cache-size=32 --param l1-cache-line-size=64 --param l2-cache-size=3072 -mtune=skylake -quiet -dumpbase CMakeCXXCompilerABI.cpp -auxbase-strip CMakeFiles/cmTC_54a66.dir/CMakeCXXCompilerABI.cpp.o -O3 -std=c++17 -version -fasynchronous-unwind-tables -fstack-protector-strong -Wformat -Wformat-security -fstack-clash-protection -fcf-protection -o /tmp/cc1kELjW.s]
  ignore line: [GNU C++17 (Ubuntu 9.4.0-5ubuntu1) version 9.4.0 (x86_64-linux-gnu)]
  ignore line: [	compiled by GNU C version 9.4.0  GMP version 6.2.1  MPFR version 4.1.0  MPC version 1.2.1  isl version isl-0.24-GMP]
  ignore line: []
  ignore line: [GGC heuristics: --param ggc-min-expand=100 --param ggc-min-heapsize=131072]
  ignore line: [ignoring duplicate directory "/usr/include/x86_64-linux-gnu/c++/9"]
  ignore line: [ignoring nonexistent directory "/usr/local/include/x86_64-linux-gnu"]
  ignore line: [ignoring nonexistent directory "/usr/lib/gcc/x86_64-linux-gnu/9/include-fixed"]
  ignore line: [ignoring nonexistent directory "/usr/lib/gcc/x86_64-linux-gnu/9/../../../../x86_64-linux-gnu/include"]
  ignore line: [#include "..." search starts here:]
  ignore line: [#include <...> search starts here:]
  ignore line: [ /usr/include/c++/9]
  ignore line: [ /usr/include/x86_64-linux-gnu/c++/9]
  ignore line: [ /usr/include/c++/9/backward]
  ignore line: [ /usr/lib/gcc/x86_64-linux-gnu/9/include]
  ignore line: [ /usr/local/include]
  ignore line: [ /usr/include/x86_64-linux-gnu]
  ignore line: [ /usr/include]
  ignore line: [End of search list.]
  ignore line: [GNU C++17 (Ubuntu 9.4.0-5ubuntu1) version 9.4.0 (x86_64-linux-gnu)]
  ignore line: [	compiled by GNU C version 9.4.0  GMP version 6.2.1  MPFR version 4.1.0  MPC version 1.2.1  isl version isl-0.24-GMP]
  ignore line: []
  ignore line: [GGC heuristics: --param ggc-min-expand=100 --param ggc-min-heapsize=131072]
  ignore line: [Compiler executable checksum: 83f4808156dd9d6f2bd629dd1b1c806b]
  ignore line: [COLLECT_GCC_OPTIONS='-O3' '-std=c++17' '-march=native' '-v' '-o' 'CMakeFiles/cmTC_54a66.dir/CMakeCXXCompilerABI.cpp.o' '-c' '-shared-libgcc']
  ignore line: [ as -v --64 -o CMakeFiles/cmTC_54a66.dir/CMakeCXXCompilerABI.cpp.o /tmp/cc1kELjW.s]
  ignore line: [GNU assembler version 2.38 (x86_64-linux-gnu) using BFD version (GNU Binutils for Ubuntu) 2.38]
  ignore line: [COMPILER_PATH=/usr/lib/gcc/x86_64-linux-gnu/9/:/usr/lib/gcc/x86_64-linux-gnu/9/:/usr/lib/gcc/x86_64-linux-gnu/:/usr/lib/gcc/x86_64-linux-gnu/9/:/usr/lib/gcc/x86_64-linux-gnu/]
  ignore line: [LIBRARY_PATH=/usr/lib/gcc/x86_64-linux-gnu/9/:/usr/lib/gcc/x86_64-linux-gnu/9/../../../x86_64-linux-gnu/:/usr/lib/gcc/x86_64-linux-gnu/9/../../../../lib/:/lib/x86_64-linux-gnu/:/lib/../lib/:/usr/lib/x86_64-linux-gnu/:/usr/lib/../lib/:/usr/lib/gcc/x86_64-linux-gnu/9/../../../:/lib/:/usr/lib/]
  ignore line: [COLLECT_GCC_OPTIONS='-O3' '-std=c++17' '-march=native' '-v' '-o' 'CMakeFiles/cmTC_54a66.dir/CMakeCXXCompilerABI.cpp.o' '-c' '-shared-libgcc']
  ignore line: [Linking CXX executable cmTC_54a66]
  ignore line: [/usr/bin/cmake -E cmake_link_script CMakeFiles/cmTC_54a66.dir/link.txt --verbose=1]
  ignore line: [/usr/bin/g++-9 -O3 -std=c++17 -march=native   -v -rdynamic CMakeFiles/cmTC_54a66.dir/CMakeCXXCompilerABI.cpp.o -o cmTC_54a66 ]
  ignore line: [Using built-in specs.]
  ignore line: [COLLECT_GCC=/usr/bin/g++-9]
  ignore line: [COLLECT_LTO_WRAPPER=/usr/lib/gcc/x86_64-linux-gnu/9/lto-wrapper]
  ignore line: [OFFLOAD_TARGET_NAMES=nvptx-none:hsa]
  ignore line: [OFFLOAD_TARGET_DEFAULT=1]
  ignore line: [Target: x86_64-linux-gnu]
  ignore line: [Configured with: ../src/configure -v --with-pkgversion='Ubuntu 9.4.0-5ubuntu1' --with-bugurl=file:///usr/share/doc/gcc-9/README.Bugs --enable-languages=c ada c++ go brig d fortran objc obj-c++ gm2 --prefix=/usr --with-gcc-major-version-only --program-suffix=-9 --program-prefix=x86_64-linux-gnu- --enable-shared --enable-linker-build-id --libexecdir=/usr/lib --without-included-gettext --enable-threads=posix --libdir=/usr/lib --enable-nls --enable-clocale=gnu --enable-libstdcxx-debug --enable-libstdcxx-time=yes --with-default-libstdcxx-abi=new --enable-gnu-unique-object --disable-vtable-verify --enable-plugin --enable-default-pie --with-system-zlib --with-target-system-zlib=auto --enable-objc-gc=auto --enable-multiarch --disable-werror --with-arch-32=i686 --with-abi=m64 --with-multilib-list=m32 m64 mx32 --enable-multilib --with-tune=generic --enable-offload-targets=nvptx-none=/build/gcc-9-bVKGhJ/gcc-9-9.4.0/debian/tmp-nvptx/usr hsa --without-cuda-driver --enable-checking=release --build=x86_64-linux-gnu --host=x86_64-linux-gnu --target=x86_64-linux-gnu]
  ignore line: [Thread model: posix]
  ignore line: [gcc version 9.4.0 (Ubuntu 9.4.0-5ubuntu1) ]
  ignore line: [COMPILER_PATH=/usr/lib/gcc/x86_64-linux-gnu/9/:/usr/lib/gcc/x86_64-linux-gnu/9/:/usr/lib/gcc/x86_64-linux-gnu/:/usr/lib/gcc/x86_64-linux-gnu/9/:/usr/lib/gcc/x86_64-linux-gnu/]
  ignore line: [LIBRARY_PATH=/usr/lib/gcc/x86_64-linux-gnu/9/:/usr/lib/gcc/x86_64-linux-gnu/9/../../../x86_64-linux-gnu/:/usr/lib/gcc/x86_64-linux-gnu/9/../../../../lib/:/lib/x86_64-linux-gnu/:/lib/../lib/:/usr/lib/x86_64-linux-gnu/:/usr/lib/../lib/:/usr/lib/gcc/x86_64-linux-gnu/9/../../../:/lib/:/usr/lib/]
  ignore line: [COLLECT_GCC_OPTIONS='-O3' '-std=c++17' '-march=native' '-v' '-rdynamic' '-o' 'cmTC_54a66' '-shared-libgcc']
  link line: [ /usr/lib/gcc/x86_64-linux-gnu/9/collect2 -plugin /usr/lib/gcc/x86_64-linux-gnu/9/liblto_plugin.so -plugin-opt=/usr/lib/gcc/x86_64-linux-gnu/9/lto-wrapper -plugin-opt=-fresolution=/tmp/ccHyda6M.res -plugin-opt=-pass-through=-lgcc_s -plugin-opt=-pass-through=-lgcc -plugin-opt=-pass-through=-lc -plugin-opt=-pass-through=-lgcc_s -plugin-opt=-pass-through=-lgcc --build-id --eh-frame-hdr -m elf_x86_64 --hash-style=gnu --as-needed -export-dynamic -dynamic-linker /lib64/ld-linux-x86-64.so.2 -pie -z now -z relro -o cmTC_54a66 /usr/lib/gcc/x86_64-linux-gnu/9/../../../x86_64-linux-gnu/Scrt1.o /usr/lib/gcc/x86_64-linux-gnu/9/../../../x86_64-linux-gnu/crti.o /usr/lib/gcc/x86_64-linux-gnu/9/crtbeginS.o -L/usr/lib/gcc/x86_64-linux-gnu/9 -L/usr/lib/gcc/x86_64-linux-gnu/9/../../../x86_64-linux-gnu -L/usr/lib/gcc/x86_64-linux-gnu/9/../../../../lib -L/lib/x86_64-linux-gnu -L/lib/../lib -L/usr/lib/x86_64-linux-gnu -L/usr/lib/../lib -L/usr/lib/gcc/x86_64-linux-gnu/9/../../.. CMakeFiles/cmTC_54a66.dir/CMakeCXXCompilerABI.cpp.o -lstdc++ -lm -lgcc_s -lgcc -lc -lgcc_s -lgcc /usr/lib/gcc/x86_64-linux-gnu/9/crtendS.o /usr/lib/gcc/x86_64-linux-gnu/9/../../../x86_64-linux-gnu/crtn.o]
    arg [/usr/lib/gcc/x86_64-linux-gnu/9/collect2] ==> ignore
    arg [-plugin] ==> ignore
    arg [/usr/lib/gcc/x86_64-linux-gnu/9/liblto_plugin.so] ==> ignore
    arg [-plugin-opt=/usr/lib/gcc/x86_64-linux-gnu/9/lto-wrapper] ==> ignore
    arg [-plugin-opt=-fresolution=/tmp/ccHyda6M.res] ==> ignore
    arg [-plugin-opt=-pass-through=-lgcc_s] ==> ignore
    arg [-plugin-opt=-pass-through=-lgcc] ==> ignore
    arg [-plugin-opt=-pass-through=-lc] ==> ignore
    arg [-plugin-opt=-pass-through=-lgcc_s] ==> ignore
    arg [-plugin-opt=-pass-through=-lgcc] ==> ignore
    arg [--build-id] ==> ignore
    arg [--eh-frame-hdr] ==> ignore
    arg [-m] ==> ignore
    arg [elf_x86_64] ==> ignore
    arg [--hash-style=gnu] ==> ignore
    arg [--as-needed] ==> ignore
    arg [-export-dynamic] ==> ignore
    arg [-dynamic-linker] ==> ignore
    arg [/lib64/ld-linux-x86-64.so.2] ==> ignore
    arg [-pie] ==> ignore
    arg [-znow] ==> ignore
    arg [-zrelro] ==> ignore
    arg [-o] ==> ignore
    arg [cmTC_54a66] ==> ignore
    arg [/usr/lib/gcc/x86_64-linux-gnu/9/../../../x86_64-linux-gnu/Scrt1.o] ==> obj [/usr/lib/gcc/x86_64-linux-gnu/9/../../../x86_64-linux-gnu/Scrt1.o]
    arg [/usr/lib/gcc/x86_64-linux-gnu/9/../../../x86_64-linux-gnu/crti.o] ==> obj [/usr/lib/gcc/x86_64-linux-gnu/9/../../../x86_64-linux-gnu/crti.o]
    arg [/usr/lib/gcc/x86_64-linux-gnu/9/crtbeginS.o] ==> obj [/usr/lib/gcc/x86_64-linux-gnu/9/crtbeginS.o]
    arg [-L/usr/lib/gcc/x86_64-linux-gnu/9] ==> dir [/usr/lib/gcc/x86_64-linux-gnu/9]
    arg [-L/usr/lib/gcc/x86_64-linux-gnu/9/../../../x86_64-linux-gnu] ==> dir [/usr/lib/gcc/x86_64-linux-gnu/9/../../../x86_64-linux-gnu]
    arg [-L/usr/lib/gcc/x86_64-linux-gnu/9/../../../../lib] ==> dir [/usr/lib/gcc/x86_64-linux-gnu/9/../../../../lib]
    arg [-L/lib/x86_64-linux-gnu] ==> dir [/lib/x86_64-linux-gnu]
    arg [-L/lib/../lib] ==> dir [/lib/../lib]
    arg [-L/usr/lib/x86_64-linux-gnu] ==> dir [/usr/lib/x86_64-linux-gnu]
    arg [-L/usr/lib/../lib] ==> dir [/usr/lib/../lib]
    arg [-L/usr/lib/gcc/x86_64-linux-gnu/9/../../..] ==> dir [/usr/lib/gcc/x86_64-linux-gnu/9/../../..]
    arg [CMakeFiles/cmTC_54a66.dir/CMakeCXXCompilerABI.cpp.o] ==> ignore
    arg [-lstdc++] ==> lib [stdc++]
    arg [-lm] ==> lib [m]
    arg [-lgcc_s] ==> lib [gcc_s]
    arg [-lgcc] ==> lib [gcc]
    arg [-lc] ==> lib [c]
    arg [-lgcc_s] ==> lib [gcc_s]
    arg [-lgcc] ==> lib [gcc]
    arg [/usr/lib/gcc/x86_64-linux-gnu/9/crtendS.o] ==> obj [/usr/lib/gcc/x86_64-linux-gnu/9/crtendS.o]
    arg [/usr/lib/gcc/x86_64-linux-gnu/9/../../../x86_64-linux-gnu/crtn.o] ==> obj [/usr/lib/gcc/x86_64-linux-gnu/9/../../../x86_64-linux-gnu/crtn.o]
  collapse obj [/usr/lib/gcc/x86_64-linux-gnu/9/../../../x86_64-linux-gnu/Scrt1.o] ==> [/usr/lib/x86_64-linux-gnu/Scrt1.o]
  collapse obj [/usr/lib/gcc/x86_64-linux-gnu/9/../../../x86_64-linux-gnu/crti.o] ==> [/usr/lib/x86_64-linux-gnu/crti.o]
  collapse obj [/usr/lib/gcc/x86_64-linux-gnu/9/../../../x86_64-linux-gnu/crtn.o] ==> [/usr/lib/x86_64-linux-gnu/crtn.o]
  collapse library dir [/usr/lib/gcc/x86_64-linux-gnu/9] ==> [/usr/lib/gcc/x86_64-linux-gnu/9]
  collapse library dir [/usr/lib/gcc/x86_64-linux-gnu/9/../../../x86_64-linux-gnu] ==> [/usr/lib/x86_64-linux-gnu]
  collapse library dir [/usr/lib/gcc/x86_64-linux-gnu/9/../../../../lib] ==> [/usr/lib]
  collapse library dir [/lib/x86_64-linux-gnu] ==> [/lib/x86_64-linux-gnu]
  collapse library dir [/lib/../lib] ==> [/lib]
  collapse library dir [/usr/lib/x86_64-linux-gnu] ==> [/usr/lib/x86_64-linux-gnu]
  collapse library dir [/usr/lib/../lib] ==> [/usr/lib]
  collapse library dir [/usr/lib/gcc/x86_64-linux-gnu/9/../../..] ==> [/usr/lib]
  implicit libs: [stdc++;m;gcc_s;gcc;c;gcc_s;gcc]
  implicit objs: [/usr/lib/x86_64-linux-gnu/Scrt1.o;/usr/lib/x86_64-linux-gnu/crti.o;/usr/lib/gcc/x86_64-linux-gnu/9/crtbeginS.o;/usr/lib/gcc/x86_64-linux-gnu/9/crtendS.o;/usr/lib/x86_64-linux-gnu/crtn.o]
  implicit dirs: [/usr/lib/gcc/x86_64-linux-gnu/9;/usr/lib/x86_64-linux-gnu;/usr/lib;/lib/x86_64-linux-gnu;/lib]
  implicit fwks: []


Compiling the C compiler identification source file "CMakeCCompilerId.c" succeeded.
Compiler: /usr/bin/gcc 
Build flags: 
Id flags:  

The output was:
0


Compilation of the C compiler identification source "CMakeCCompilerId.c" produced "a.out"

The C compiler identification is GNU, found in "/home/anne/Masterarbeit/duneuro/build-release/duneuro-py/CMakeFiles/3.22.1/CompilerIdC/a.out"

Detecting C compiler ABI info compiled with the following output:
Change Dir: /home/anne/Masterarbeit/duneuro/build-release/duneuro-py/CMakeFiles/CMakeTmp

Run Build Command(s):/usr/bin/gmake -f Makefile cmTC_95ef0/fast && /usr/bin/gmake  -f CMakeFiles/cmTC_95ef0.dir/build.make CMakeFiles/cmTC_95ef0.dir/build
gmake[1]: Entering directory '/home/anne/Masterarbeit/duneuro/build-release/duneuro-py/CMakeFiles/CMakeTmp'
Building C object CMakeFiles/cmTC_95ef0.dir/CMakeCCompilerABI.c.o
/usr/bin/gcc   -v -o CMakeFiles/cmTC_95ef0.dir/CMakeCCompilerABI.c.o -c /usr/share/cmake-3.22/Modules/CMakeCCompilerABI.c
Using built-in specs.
COLLECT_GCC=/usr/bin/gcc
OFFLOAD_TARGET_NAMES=nvptx-none:amdgcn-amdhsa
OFFLOAD_TARGET_DEFAULT=1
Target: x86_64-linux-gnu
Configured with: ../src/configure -v --with-pkgversion='Ubuntu 11.2.0-19ubuntu1' --with-bugurl=file:///usr/share/doc/gcc-11/README.Bugs --enable-languages=c,ada,c++,go,brig,d,fortran,objc,obj-c++,m2 --prefix=/usr --with-gcc-major-version-only --program-suffix=-11 --program-prefix=x86_64-linux-gnu- --enable-shared --enable-linker-build-id --libexecdir=/usr/lib --without-included-gettext --enable-threads=posix --libdir=/usr/lib --enable-nls --enable-bootstrap --enable-clocale=gnu --enable-libstdcxx-debug --enable-libstdcxx-time=yes --with-default-libstdcxx-abi=new --enable-gnu-unique-object --disable-vtable-verify --enable-plugin --enable-default-pie --with-system-zlib --enable-libphobos-checking=release --with-target-system-zlib=auto --enable-objc-gc=auto --enable-multiarch --disable-werror --enable-cet --with-arch-32=i686 --with-abi=m64 --with-multilib-list=m32,m64,mx32 --enable-multilib --with-tune=generic --enable-offload-targets=nvptx-none=/build/gcc-11-gBFGDP/gcc-11-11.2.0/debian/tmp-nvptx/usr,amdgcn-amdhsa=/build/gcc-11-gBFGDP/gcc-11-11.2.0/debian/tmp-gcn/usr --without-cuda-driver --enable-checking=release --build=x86_64-linux-gnu --host=x86_64-linux-gnu --target=x86_64-linux-gnu --with-build-config=bootstrap-lto-lean --enable-link-serialization=2
Thread model: posix
Supported LTO compression algorithms: zlib zstd
gcc version 11.2.0 (Ubuntu 11.2.0-19ubuntu1) 
COLLECT_GCC_OPTIONS='-v' '-o' 'CMakeFiles/cmTC_95ef0.dir/CMakeCCompilerABI.c.o' '-c' '-mtune=generic' '-march=x86-64' '-dumpdir' 'CMakeFiles/cmTC_95ef0.dir/'
 /usr/lib/gcc/x86_64-linux-gnu/11/cc1 -quiet -v -imultiarch x86_64-linux-gnu /usr/share/cmake-3.22/Modules/CMakeCCompilerABI.c -quiet -dumpdir CMakeFiles/cmTC_95ef0.dir/ -dumpbase CMakeCCompilerABI.c.c -dumpbase-ext .c -mtune=generic -march=x86-64 -version -fasynchronous-unwind-tables -fstack-protector-strong -Wformat -Wformat-security -fstack-clash-protection -fcf-protection -o /tmp/ccoDfWoj.s
GNU C17 (Ubuntu 11.2.0-19ubuntu1) version 11.2.0 (x86_64-linux-gnu)
	compiled by GNU C version 11.2.0, GMP version 6.2.1, MPFR version 4.1.0, MPC version 1.2.1, isl version isl-0.24-GMP

GGC heuristics: --param ggc-min-expand=100 --param ggc-min-heapsize=131072
ignoring nonexistent directory "/usr/local/include/x86_64-linux-gnu"
ignoring nonexistent directory "/usr/lib/gcc/x86_64-linux-gnu/11/include-fixed"
ignoring nonexistent directory "/usr/lib/gcc/x86_64-linux-gnu/11/../../../../x86_64-linux-gnu/include"
#include "..." search starts here:
#include <...> search starts here:
 /usr/lib/gcc/x86_64-linux-gnu/11/include
 /usr/local/include
 /usr/include/x86_64-linux-gnu
 /usr/include
End of search list.
GNU C17 (Ubuntu 11.2.0-19ubuntu1) version 11.2.0 (x86_64-linux-gnu)
	compiled by GNU C version 11.2.0, GMP version 6.2.1, MPFR version 4.1.0, MPC version 1.2.1, isl version isl-0.24-GMP

GGC heuristics: --param ggc-min-expand=100 --param ggc-min-heapsize=131072
Compiler executable checksum: ead6677a8de2192bf1e5ee7b28d13856
COLLECT_GCC_OPTIONS='-v' '-o' 'CMakeFiles/cmTC_95ef0.dir/CMakeCCompilerABI.c.o' '-c' '-mtune=generic' '-march=x86-64' '-dumpdir' 'CMakeFiles/cmTC_95ef0.dir/'
 as -v --64 -o CMakeFiles/cmTC_95ef0.dir/CMakeCCompilerABI.c.o /tmp/ccoDfWoj.s
GNU assembler version 2.38 (x86_64-linux-gnu) using BFD version (GNU Binutils for Ubuntu) 2.38
COMPILER_PATH=/usr/lib/gcc/x86_64-linux-gnu/11/:/usr/lib/gcc/x86_64-linux-gnu/11/:/usr/lib/gcc/x86_64-linux-gnu/:/usr/lib/gcc/x86_64-linux-gnu/11/:/usr/lib/gcc/x86_64-linux-gnu/
LIBRARY_PATH=/usr/lib/gcc/x86_64-linux-gnu/11/:/usr/lib/gcc/x86_64-linux-gnu/11/../../../x86_64-linux-gnu/:/usr/lib/gcc/x86_64-linux-gnu/11/../../../../lib/:/lib/x86_64-linux-gnu/:/lib/../lib/:/usr/lib/x86_64-linux-gnu/:/usr/lib/../lib/:/usr/lib/gcc/x86_64-linux-gnu/11/../../../:/lib/:/usr/lib/
COLLECT_GCC_OPTIONS='-v' '-o' 'CMakeFiles/cmTC_95ef0.dir/CMakeCCompilerABI.c.o' '-c' '-mtune=generic' '-march=x86-64' '-dumpdir' 'CMakeFiles/cmTC_95ef0.dir/CMakeCCompilerABI.c.'
Linking C executable cmTC_95ef0
/usr/bin/cmake -E cmake_link_script CMakeFiles/cmTC_95ef0.dir/link.txt --verbose=1
/usr/bin/gcc  -v -rdynamic CMakeFiles/cmTC_95ef0.dir/CMakeCCompilerABI.c.o -o cmTC_95ef0 
Using built-in specs.
COLLECT_GCC=/usr/bin/gcc
COLLECT_LTO_WRAPPER=/usr/lib/gcc/x86_64-linux-gnu/11/lto-wrapper
OFFLOAD_TARGET_NAMES=nvptx-none:amdgcn-amdhsa
OFFLOAD_TARGET_DEFAULT=1
Target: x86_64-linux-gnu
Configured with: ../src/configure -v --with-pkgversion='Ubuntu 11.2.0-19ubuntu1' --with-bugurl=file:///usr/share/doc/gcc-11/README.Bugs --enable-languages=c,ada,c++,go,brig,d,fortran,objc,obj-c++,m2 --prefix=/usr --with-gcc-major-version-only --program-suffix=-11 --program-prefix=x86_64-linux-gnu- --enable-shared --enable-linker-build-id --libexecdir=/usr/lib --without-included-gettext --enable-threads=posix --libdir=/usr/lib --enable-nls --enable-bootstrap --enable-clocale=gnu --enable-libstdcxx-debug --enable-libstdcxx-time=yes --with-default-libstdcxx-abi=new --enable-gnu-unique-object --disable-vtable-verify --enable-plugin --enable-default-pie --with-system-zlib --enable-libphobos-checking=release --with-target-system-zlib=auto --enable-objc-gc=auto --enable-multiarch --disable-werror --enable-cet --with-arch-32=i686 --with-abi=m64 --with-multilib-list=m32,m64,mx32 --enable-multilib --with-tune=generic --enable-offload-targets=nvptx-none=/build/gcc-11-gBFGDP/gcc-11-11.2.0/debian/tmp-nvptx/usr,amdgcn-amdhsa=/build/gcc-11-gBFGDP/gcc-11-11.2.0/debian/tmp-gcn/usr --without-cuda-driver --enable-checking=release --build=x86_64-linux-gnu --host=x86_64-linux-gnu --target=x86_64-linux-gnu --with-build-config=bootstrap-lto-lean --enable-link-serialization=2
Thread model: posix
Supported LTO compression algorithms: zlib zstd
gcc version 11.2.0 (Ubuntu 11.2.0-19ubuntu1) 
COMPILER_PATH=/usr/lib/gcc/x86_64-linux-gnu/11/:/usr/lib/gcc/x86_64-linux-gnu/11/:/usr/lib/gcc/x86_64-linux-gnu/:/usr/lib/gcc/x86_64-linux-gnu/11/:/usr/lib/gcc/x86_64-linux-gnu/
LIBRARY_PATH=/usr/lib/gcc/x86_64-linux-gnu/11/:/usr/lib/gcc/x86_64-linux-gnu/11/../../../x86_64-linux-gnu/:/usr/lib/gcc/x86_64-linux-gnu/11/../../../../lib/:/lib/x86_64-linux-gnu/:/lib/../lib/:/usr/lib/x86_64-linux-gnu/:/usr/lib/../lib/:/usr/lib/gcc/x86_64-linux-gnu/11/../../../:/lib/:/usr/lib/
COLLECT_GCC_OPTIONS='-v' '-rdynamic' '-o' 'cmTC_95ef0' '-mtune=generic' '-march=x86-64' '-dumpdir' 'cmTC_95ef0.'
 /usr/lib/gcc/x86_64-linux-gnu/11/collect2 -plugin /usr/lib/gcc/x86_64-linux-gnu/11/liblto_plugin.so -plugin-opt=/usr/lib/gcc/x86_64-linux-gnu/11/lto-wrapper -plugin-opt=-fresolution=/tmp/ccDiWIj5.res -plugin-opt=-pass-through=-lgcc -plugin-opt=-pass-through=-lgcc_s -plugin-opt=-pass-through=-lc -plugin-opt=-pass-through=-lgcc -plugin-opt=-pass-through=-lgcc_s --build-id --eh-frame-hdr -m elf_x86_64 --hash-style=gnu --as-needed -export-dynamic -dynamic-linker /lib64/ld-linux-x86-64.so.2 -pie -z now -z relro -o cmTC_95ef0 /usr/lib/gcc/x86_64-linux-gnu/11/../../../x86_64-linux-gnu/Scrt1.o /usr/lib/gcc/x86_64-linux-gnu/11/../../../x86_64-linux-gnu/crti.o /usr/lib/gcc/x86_64-linux-gnu/11/crtbeginS.o -L/usr/lib/gcc/x86_64-linux-gnu/11 -L/usr/lib/gcc/x86_64-linux-gnu/11/../../../x86_64-linux-gnu -L/usr/lib/gcc/x86_64-linux-gnu/11/../../../../lib -L/lib/x86_64-linux-gnu -L/lib/../lib -L/usr/lib/x86_64-linux-gnu -L/usr/lib/../lib -L/usr/lib/gcc/x86_64-linux-gnu/11/../../.. CMakeFiles/cmTC_95ef0.dir/CMakeCCompilerABI.c.o -lgcc --push-state --as-needed -lgcc_s --pop-state -lc -lgcc --push-state --as-needed -lgcc_s --pop-state /usr/lib/gcc/x86_64-linux-gnu/11/crtendS.o /usr/lib/gcc/x86_64-linux-gnu/11/../../../x86_64-linux-gnu/crtn.o
COLLECT_GCC_OPTIONS='-v' '-rdynamic' '-o' 'cmTC_95ef0' '-mtune=generic' '-march=x86-64' '-dumpdir' 'cmTC_95ef0.'
gmake[1]: Leaving directory '/home/anne/Masterarbeit/duneuro/build-release/duneuro-py/CMakeFiles/CMakeTmp'



Parsed C implicit include dir info from above output: rv=done
  found start of include info
  found start of implicit include info
    add: [/usr/lib/gcc/x86_64-linux-gnu/11/include]
    add: [/usr/local/include]
    add: [/usr/include/x86_64-linux-gnu]
    add: [/usr/include]
  end of search list found
  collapse include dir [/usr/lib/gcc/x86_64-linux-gnu/11/include] ==> [/usr/lib/gcc/x86_64-linux-gnu/11/include]
  collapse include dir [/usr/local/include] ==> [/usr/local/include]
  collapse include dir [/usr/include/x86_64-linux-gnu] ==> [/usr/include/x86_64-linux-gnu]
  collapse include dir [/usr/include] ==> [/usr/include]
  implicit include dirs: [/usr/lib/gcc/x86_64-linux-gnu/11/include;/usr/local/include;/usr/include/x86_64-linux-gnu;/usr/include]


Parsed C implicit link information from above output:
  link line regex: [^( *|.*[/\])(ld|CMAKE_LINK_STARTFILE-NOTFOUND|([^/\]+-)?ld|collect2)[^/\]*( |$)]
  ignore line: [Change Dir: /home/anne/Masterarbeit/duneuro/build-release/duneuro-py/CMakeFiles/CMakeTmp]
  ignore line: []
  ignore line: [Run Build Command(s):/usr/bin/gmake -f Makefile cmTC_95ef0/fast && /usr/bin/gmake  -f CMakeFiles/cmTC_95ef0.dir/build.make CMakeFiles/cmTC_95ef0.dir/build]
  ignore line: [gmake[1]: Entering directory '/home/anne/Masterarbeit/duneuro/build-release/duneuro-py/CMakeFiles/CMakeTmp']
  ignore line: [Building C object CMakeFiles/cmTC_95ef0.dir/CMakeCCompilerABI.c.o]
  ignore line: [/usr/bin/gcc   -v -o CMakeFiles/cmTC_95ef0.dir/CMakeCCompilerABI.c.o -c /usr/share/cmake-3.22/Modules/CMakeCCompilerABI.c]
  ignore line: [Using built-in specs.]
  ignore line: [COLLECT_GCC=/usr/bin/gcc]
  ignore line: [OFFLOAD_TARGET_NAMES=nvptx-none:amdgcn-amdhsa]
  ignore line: [OFFLOAD_TARGET_DEFAULT=1]
  ignore line: [Target: x86_64-linux-gnu]
  ignore line: [Configured with: ../src/configure -v --with-pkgversion='Ubuntu 11.2.0-19ubuntu1' --with-bugurl=file:///usr/share/doc/gcc-11/README.Bugs --enable-languages=c ada c++ go brig d fortran objc obj-c++ m2 --prefix=/usr --with-gcc-major-version-only --program-suffix=-11 --program-prefix=x86_64-linux-gnu- --enable-shared --enable-linker-build-id --libexecdir=/usr/lib --without-included-gettext --enable-threads=posix --libdir=/usr/lib --enable-nls --enable-bootstrap --enable-clocale=gnu --enable-libstdcxx-debug --enable-libstdcxx-time=yes --with-default-libstdcxx-abi=new --enable-gnu-unique-object --disable-vtable-verify --enable-plugin --enable-default-pie --with-system-zlib --enable-libphobos-checking=release --with-target-system-zlib=auto --enable-objc-gc=auto --enable-multiarch --disable-werror --enable-cet --with-arch-32=i686 --with-abi=m64 --with-multilib-list=m32 m64 mx32 --enable-multilib --with-tune=generic --enable-offload-targets=nvptx-none=/build/gcc-11-gBFGDP/gcc-11-11.2.0/debian/tmp-nvptx/usr amdgcn-amdhsa=/build/gcc-11-gBFGDP/gcc-11-11.2.0/debian/tmp-gcn/usr --without-cuda-driver --enable-checking=release --build=x86_64-linux-gnu --host=x86_64-linux-gnu --target=x86_64-linux-gnu --with-build-config=bootstrap-lto-lean --enable-link-serialization=2]
  ignore line: [Thread model: posix]
  ignore line: [Supported LTO compression algorithms: zlib zstd]
  ignore line: [gcc version 11.2.0 (Ubuntu 11.2.0-19ubuntu1) ]
  ignore line: [COLLECT_GCC_OPTIONS='-v' '-o' 'CMakeFiles/cmTC_95ef0.dir/CMakeCCompilerABI.c.o' '-c' '-mtune=generic' '-march=x86-64' '-dumpdir' 'CMakeFiles/cmTC_95ef0.dir/']
  ignore line: [ /usr/lib/gcc/x86_64-linux-gnu/11/cc1 -quiet -v -imultiarch x86_64-linux-gnu /usr/share/cmake-3.22/Modules/CMakeCCompilerABI.c -quiet -dumpdir CMakeFiles/cmTC_95ef0.dir/ -dumpbase CMakeCCompilerABI.c.c -dumpbase-ext .c -mtune=generic -march=x86-64 -version -fasynchronous-unwind-tables -fstack-protector-strong -Wformat -Wformat-security -fstack-clash-protection -fcf-protection -o /tmp/ccoDfWoj.s]
  ignore line: [GNU C17 (Ubuntu 11.2.0-19ubuntu1) version 11.2.0 (x86_64-linux-gnu)]
  ignore line: [	compiled by GNU C version 11.2.0  GMP version 6.2.1  MPFR version 4.1.0  MPC version 1.2.1  isl version isl-0.24-GMP]
  ignore line: []
  ignore line: [GGC heuristics: --param ggc-min-expand=100 --param ggc-min-heapsize=131072]
  ignore line: [ignoring nonexistent directory "/usr/local/include/x86_64-linux-gnu"]
  ignore line: [ignoring nonexistent directory "/usr/lib/gcc/x86_64-linux-gnu/11/include-fixed"]
  ignore line: [ignoring nonexistent directory "/usr/lib/gcc/x86_64-linux-gnu/11/../../../../x86_64-linux-gnu/include"]
  ignore line: [#include "..." search starts here:]
  ignore line: [#include <...> search starts here:]
  ignore line: [ /usr/lib/gcc/x86_64-linux-gnu/11/include]
  ignore line: [ /usr/local/include]
  ignore line: [ /usr/include/x86_64-linux-gnu]
  ignore line: [ /usr/include]
  ignore line: [End of search list.]
  ignore line: [GNU C17 (Ubuntu 11.2.0-19ubuntu1) version 11.2.0 (x86_64-linux-gnu)]
  ignore line: [	compiled by GNU C version 11.2.0  GMP version 6.2.1  MPFR version 4.1.0  MPC version 1.2.1  isl version isl-0.24-GMP]
  ignore line: []
  ignore line: [GGC heuristics: --param ggc-min-expand=100 --param ggc-min-heapsize=131072]
  ignore line: [Compiler executable checksum: ead6677a8de2192bf1e5ee7b28d13856]
  ignore line: [COLLECT_GCC_OPTIONS='-v' '-o' 'CMakeFiles/cmTC_95ef0.dir/CMakeCCompilerABI.c.o' '-c' '-mtune=generic' '-march=x86-64' '-dumpdir' 'CMakeFiles/cmTC_95ef0.dir/']
  ignore line: [ as -v --64 -o CMakeFiles/cmTC_95ef0.dir/CMakeCCompilerABI.c.o /tmp/ccoDfWoj.s]
  ignore line: [GNU assembler version 2.38 (x86_64-linux-gnu) using BFD version (GNU Binutils for Ubuntu) 2.38]
  ignore line: [COMPILER_PATH=/usr/lib/gcc/x86_64-linux-gnu/11/:/usr/lib/gcc/x86_64-linux-gnu/11/:/usr/lib/gcc/x86_64-linux-gnu/:/usr/lib/gcc/x86_64-linux-gnu/11/:/usr/lib/gcc/x86_64-linux-gnu/]
  ignore line: [LIBRARY_PATH=/usr/lib/gcc/x86_64-linux-gnu/11/:/usr/lib/gcc/x86_64-linux-gnu/11/../../../x86_64-linux-gnu/:/usr/lib/gcc/x86_64-linux-gnu/11/../../../../lib/:/lib/x86_64-linux-gnu/:/lib/../lib/:/usr/lib/x86_64-linux-gnu/:/usr/lib/../lib/:/usr/lib/gcc/x86_64-linux-gnu/11/../../../:/lib/:/usr/lib/]
  ignore line: [COLLECT_GCC_OPTIONS='-v' '-o' 'CMakeFiles/cmTC_95ef0.dir/CMakeCCompilerABI.c.o' '-c' '-mtune=generic' '-march=x86-64' '-dumpdir' 'CMakeFiles/cmTC_95ef0.dir/CMakeCCompilerABI.c.']
  ignore line: [Linking C executable cmTC_95ef0]
  ignore line: [/usr/bin/cmake -E cmake_link_script CMakeFiles/cmTC_95ef0.dir/link.txt --verbose=1]
  ignore line: [/usr/bin/gcc  -v -rdynamic CMakeFiles/cmTC_95ef0.dir/CMakeCCompilerABI.c.o -o cmTC_95ef0 ]
  ignore line: [Using built-in specs.]
  ignore line: [COLLECT_GCC=/usr/bin/gcc]
  ignore line: [COLLECT_LTO_WRAPPER=/usr/lib/gcc/x86_64-linux-gnu/11/lto-wrapper]
  ignore line: [OFFLOAD_TARGET_NAMES=nvptx-none:amdgcn-amdhsa]
  ignore line: [OFFLOAD_TARGET_DEFAULT=1]
  ignore line: [Target: x86_64-linux-gnu]
  ignore line: [Configured with: ../src/configure -v --with-pkgversion='Ubuntu 11.2.0-19ubuntu1' --with-bugurl=file:///usr/share/doc/gcc-11/README.Bugs --enable-languages=c ada c++ go brig d fortran objc obj-c++ m2 --prefix=/usr --with-gcc-major-version-only --program-suffix=-11 --program-prefix=x86_64-linux-gnu- --enable-shared --enable-linker-build-id --libexecdir=/usr/lib --without-included-gettext --enable-threads=posix --libdir=/usr/lib --enable-nls --enable-bootstrap --enable-clocale=gnu --enable-libstdcxx-debug --enable-libstdcxx-time=yes --with-default-libstdcxx-abi=new --enable-gnu-unique-object --disable-vtable-verify --enable-plugin --enable-default-pie --with-system-zlib --enable-libphobos-checking=release --with-target-system-zlib=auto --enable-objc-gc=auto --enable-multiarch --disable-werror --enable-cet --with-arch-32=i686 --with-abi=m64 --with-multilib-list=m32 m64 mx32 --enable-multilib --with-tune=generic --enable-offload-targets=nvptx-none=/build/gcc-11-gBFGDP/gcc-11-11.2.0/debian/tmp-nvptx/usr amdgcn-amdhsa=/build/gcc-11-gBFGDP/gcc-11-11.2.0/debian/tmp-gcn/usr --without-cuda-driver --enable-checking=release --build=x86_64-linux-gnu --host=x86_64-linux-gnu --target=x86_64-linux-gnu --with-build-config=bootstrap-lto-lean --enable-link-serialization=2]
  ignore line: [Thread model: posix]
  ignore line: [Supported LTO compression algorithms: zlib zstd]
  ignore line: [gcc version 11.2.0 (Ubuntu 11.2.0-19ubuntu1) ]
  ignore line: [COMPILER_PATH=/usr/lib/gcc/x86_64-linux-gnu/11/:/usr/lib/gcc/x86_64-linux-gnu/11/:/usr/lib/gcc/x86_64-linux-gnu/:/usr/lib/gcc/x86_64-linux-gnu/11/:/usr/lib/gcc/x86_64-linux-gnu/]
  ignore line: [LIBRARY_PATH=/usr/lib/gcc/x86_64-linux-gnu/11/:/usr/lib/gcc/x86_64-linux-gnu/11/../../../x86_64-linux-gnu/:/usr/lib/gcc/x86_64-linux-gnu/11/../../../../lib/:/lib/x86_64-linux-gnu/:/lib/../lib/:/usr/lib/x86_64-linux-gnu/:/usr/lib/../lib/:/usr/lib/gcc/x86_64-linux-gnu/11/../../../:/lib/:/usr/lib/]
  ignore line: [COLLECT_GCC_OPTIONS='-v' '-rdynamic' '-o' 'cmTC_95ef0' '-mtune=generic' '-march=x86-64' '-dumpdir' 'cmTC_95ef0.']
  link line: [ /usr/lib/gcc/x86_64-linux-gnu/11/collect2 -plugin /usr/lib/gcc/x86_64-linux-gnu/11/liblto_plugin.so -plugin-opt=/usr/lib/gcc/x86_64-linux-gnu/11/lto-wrapper -plugin-opt=-fresolution=/tmp/ccDiWIj5.res -plugin-opt=-pass-through=-lgcc -plugin-opt=-pass-through=-lgcc_s -plugin-opt=-pass-through=-lc -plugin-opt=-pass-through=-lgcc -plugin-opt=-pass-through=-lgcc_s --build-id --eh-frame-hdr -m elf_x86_64 --hash-style=gnu --as-needed -export-dynamic -dynamic-linker /lib64/ld-linux-x86-64.so.2 -pie -z now -z relro -o cmTC_95ef0 /usr/lib/gcc/x86_64-linux-gnu/11/../../../x86_64-linux-gnu/Scrt1.o /usr/lib/gcc/x86_64-linux-gnu/11/../../../x86_64-linux-gnu/crti.o /usr/lib/gcc/x86_64-linux-gnu/11/crtbeginS.o -L/usr/lib/gcc/x86_64-linux-gnu/11 -L/usr/lib/gcc/x86_64-linux-gnu/11/../../../x86_64-linux-gnu -L/usr/lib/gcc/x86_64-linux-gnu/11/../../../../lib -L/lib/x86_64-linux-gnu -L/lib/../lib -L/usr/lib/x86_64-linux-gnu -L/usr/lib/../lib -L/usr/lib/gcc/x86_64-linux-gnu/11/../../.. CMakeFiles/cmTC_95ef0.dir/CMakeCCompilerABI.c.o -lgcc --push-state --as-needed -lgcc_s --pop-state -lc -lgcc --push-state --as-needed -lgcc_s --pop-state /usr/lib/gcc/x86_64-linux-gnu/11/crtendS.o /usr/lib/gcc/x86_64-linux-gnu/11/../../../x86_64-linux-gnu/crtn.o]
    arg [/usr/lib/gcc/x86_64-linux-gnu/11/collect2] ==> ignore
    arg [-plugin] ==> ignore
    arg [/usr/lib/gcc/x86_64-linux-gnu/11/liblto_plugin.so] ==> ignore
    arg [-plugin-opt=/usr/lib/gcc/x86_64-linux-gnu/11/lto-wrapper] ==> ignore
    arg [-plugin-opt=-fresolution=/tmp/ccDiWIj5.res] ==> ignore
    arg [-plugin-opt=-pass-through=-lgcc] ==> ignore
    arg [-plugin-opt=-pass-through=-lgcc_s] ==> ignore
    arg [-plugin-opt=-pass-through=-lc] ==> ignore
    arg [-plugin-opt=-pass-through=-lgcc] ==> ignore
    arg [-plugin-opt=-pass-through=-lgcc_s] ==> ignore
    arg [--build-id] ==> ignore
    arg [--eh-frame-hdr] ==> ignore
    arg [-m] ==> ignore
    arg [elf_x86_64] ==> ignore
    arg [--hash-style=gnu] ==> ignore
    arg [--as-needed] ==> ignore
    arg [-export-dynamic] ==> ignore
    arg [-dynamic-linker] ==> ignore
    arg [/lib64/ld-linux-x86-64.so.2] ==> ignore
    arg [-pie] ==> ignore
    arg [-znow] ==> ignore
    arg [-zrelro] ==> ignore
    arg [-o] ==> ignore
    arg [cmTC_95ef0] ==> ignore
    arg [/usr/lib/gcc/x86_64-linux-gnu/11/../../../x86_64-linux-gnu/Scrt1.o] ==> obj [/usr/lib/gcc/x86_64-linux-gnu/11/../../../x86_64-linux-gnu/Scrt1.o]
    arg [/usr/lib/gcc/x86_64-linux-gnu/11/../../../x86_64-linux-gnu/crti.o] ==> obj [/usr/lib/gcc/x86_64-linux-gnu/11/../../../x86_64-linux-gnu/crti.o]
    arg [/usr/lib/gcc/x86_64-linux-gnu/11/crtbeginS.o] ==> obj [/usr/lib/gcc/x86_64-linux-gnu/11/crtbeginS.o]
    arg [-L/usr/lib/gcc/x86_64-linux-gnu/11] ==> dir [/usr/lib/gcc/x86_64-linux-gnu/11]
    arg [-L/usr/lib/gcc/x86_64-linux-gnu/11/../../../x86_64-linux-gnu] ==> dir [/usr/lib/gcc/x86_64-linux-gnu/11/../../../x86_64-linux-gnu]
    arg [-L/usr/lib/gcc/x86_64-linux-gnu/11/../../../../lib] ==> dir [/usr/lib/gcc/x86_64-linux-gnu/11/../../../../lib]
    arg [-L/lib/x86_64-linux-gnu] ==> dir [/lib/x86_64-linux-gnu]
    arg [-L/lib/../lib] ==> dir [/lib/../lib]
    arg [-L/usr/lib/x86_64-linux-gnu] ==> dir [/usr/lib/x86_64-linux-gnu]
    arg [-L/usr/lib/../lib] ==> dir [/usr/lib/../lib]
    arg [-L/usr/lib/gcc/x86_64-linux-gnu/11/../../..] ==> dir [/usr/lib/gcc/x86_64-linux-gnu/11/../../..]
    arg [CMakeFiles/cmTC_95ef0.dir/CMakeCCompilerABI.c.o] ==> ignore
    arg [-lgcc] ==> lib [gcc]
    arg [--push-state] ==> ignore
    arg [--as-needed] ==> ignore
    arg [-lgcc_s] ==> lib [gcc_s]
    arg [--pop-state] ==> ignore
    arg [-lc] ==> lib [c]
    arg [-lgcc] ==> lib [gcc]
    arg [--push-state] ==> ignore
    arg [--as-needed] ==> ignore
    arg [-lgcc_s] ==> lib [gcc_s]
    arg [--pop-state] ==> ignore
    arg [/usr/lib/gcc/x86_64-linux-gnu/11/crtendS.o] ==> obj [/usr/lib/gcc/x86_64-linux-gnu/11/crtendS.o]
    arg [/usr/lib/gcc/x86_64-linux-gnu/11/../../../x86_64-linux-gnu/crtn.o] ==> obj [/usr/lib/gcc/x86_64-linux-gnu/11/../../../x86_64-linux-gnu/crtn.o]
  collapse obj [/usr/lib/gcc/x86_64-linux-gnu/11/../../../x86_64-linux-gnu/Scrt1.o] ==> [/usr/lib/x86_64-linux-gnu/Scrt1.o]
  collapse obj [/usr/lib/gcc/x86_64-linux-gnu/11/../../../x86_64-linux-gnu/crti.o] ==> [/usr/lib/x86_64-linux-gnu/crti.o]
  collapse obj [/usr/lib/gcc/x86_64-linux-gnu/11/../../../x86_64-linux-gnu/crtn.o] ==> [/usr/lib/x86_64-linux-gnu/crtn.o]
  collapse library dir [/usr/lib/gcc/x86_64-linux-gnu/11] ==> [/usr/lib/gcc/x86_64-linux-gnu/11]
  collapse library dir [/usr/lib/gcc/x86_64-linux-gnu/11/../../../x86_64-linux-gnu] ==> [/usr/lib/x86_64-linux-gnu]
  collapse library dir [/usr/lib/gcc/x86_64-linux-gnu/11/../../../../lib] ==> [/usr/lib]
  collapse library dir [/lib/x86_64-linux-gnu] ==> [/lib/x86_64-linux-gnu]
  collapse library dir [/lib/../lib] ==> [/lib]
  collapse library dir [/usr/lib/x86_64-linux-gnu] ==> [/usr/lib/x86_64-linux-gnu]
  collapse library dir [/usr/lib/../lib] ==> [/usr/lib]
  collapse library dir [/usr/lib/gcc/x86_64-linux-gnu/11/../../..] ==> [/usr/lib]
  implicit libs: [gcc;gcc_s;c;gcc;gcc_s]
  implicit objs: [/usr/lib/x86_64-linux-gnu/Scrt1.o;/usr/lib/x86_64-linux-gnu/crti.o;/usr/lib/gcc/x86_64-linux-gnu/11/crtbeginS.o;/usr/lib/gcc/x86_64-linux-gnu/11/crtendS.o;/usr/lib/x86_64-linux-gnu/crtn.o]
  implicit dirs: [/usr/lib/gcc/x86_64-linux-gnu/11;/usr/lib/x86_64-linux-gnu;/usr/lib;/lib/x86_64-linux-gnu;/lib]
  implicit fwks: []


Performing C++ SOURCE FILE Test cxx_std_flag_17 succeeded with the following output:
Change Dir: /home/anne/Masterarbeit/duneuro/build-release/duneuro-py/CMakeFiles/CMakeTmp

Run Build Command(s):/usr/bin/gmake -f Makefile cmTC_b13dc/fast && /usr/bin/gmake  -f CMakeFiles/cmTC_b13dc.dir/build.make CMakeFiles/cmTC_b13dc.dir/build
gmake[1]: Entering directory '/home/anne/Masterarbeit/duneuro/build-release/duneuro-py/CMakeFiles/CMakeTmp'
Building CXX object CMakeFiles/cmTC_b13dc.dir/src.cxx.o
/usr/bin/g++-9 -Dcxx_std_flag_17  -O3 -std=c++17 -march=native  -fPIE   -std=c++17 -o CMakeFiles/cmTC_b13dc.dir/src.cxx.o -c /home/anne/Masterarbeit/duneuro/build-release/duneuro-py/CMakeFiles/CMakeTmp/src.cxx
Linking CXX executable cmTC_b13dc
/usr/bin/cmake -E cmake_link_script CMakeFiles/cmTC_b13dc.dir/link.txt --verbose=1
/usr/bin/g++-9 -O3 -std=c++17 -march=native  -rdynamic CMakeFiles/cmTC_b13dc.dir/src.cxx.o -o cmTC_b13dc 
gmake[1]: Leaving directory '/home/anne/Masterarbeit/duneuro/build-release/duneuro-py/CMakeFiles/CMakeTmp'


Source file was:
int main() { return 0; }
Performing C++ SOURCE FILE Test compiler_supports_cxx17 succeeded with the following output:
Change Dir: /home/anne/Masterarbeit/duneuro/build-release/duneuro-py/CMakeFiles/CMakeTmp

Run Build Command(s):/usr/bin/gmake -f Makefile cmTC_8b8f6/fast && /usr/bin/gmake  -f CMakeFiles/cmTC_8b8f6.dir/build.make CMakeFiles/cmTC_8b8f6.dir/build
gmake[1]: Entering directory '/home/anne/Masterarbeit/duneuro/build-release/duneuro-py/CMakeFiles/CMakeTmp'
Building CXX object CMakeFiles/cmTC_8b8f6.dir/src.cxx.o
/usr/bin/g++-9 -Dcompiler_supports_cxx17  -O3 -std=c++17 -march=native  -std=c++17 -fPIE -o CMakeFiles/cmTC_8b8f6.dir/src.cxx.o -c /home/anne/Masterarbeit/duneuro/build-release/duneuro-py/CMakeFiles/CMakeTmp/src.cxx
Linking CXX executable cmTC_8b8f6
/usr/bin/cmake -E cmake_link_script CMakeFiles/cmTC_8b8f6.dir/link.txt --verbose=1
/usr/bin/g++-9 -O3 -std=c++17 -march=native  -std=c++17 -rdynamic CMakeFiles/cmTC_8b8f6.dir/src.cxx.o -o cmTC_8b8f6 
gmake[1]: Leaving directory '/home/anne/Masterarbeit/duneuro/build-release/duneuro-py/CMakeFiles/CMakeTmp'


Source file was:

  #include <type_traits>

  // nested namespaces are a C++17 compiler feature
  namespace A::B {
    using T = int;
  }

  int main() {
    // std::void_t is a C++17 library feature
    return not std::is_same<void,std::void_t<A::B::T> >{};
  }
  
Performing C++ SOURCE FILE Test HAS_ATTRIBUTE_UNUSED succeeded with the following output:
Change Dir: /home/anne/Masterarbeit/duneuro/build-release/duneuro-py/CMakeFiles/CMakeTmp

Run Build Command(s):/usr/bin/gmake -f Makefile cmTC_a66e4/fast && /usr/bin/gmake  -f CMakeFiles/cmTC_a66e4.dir/build.make CMakeFiles/cmTC_a66e4.dir/build
gmake[1]: Entering directory '/home/anne/Masterarbeit/duneuro/build-release/duneuro-py/CMakeFiles/CMakeTmp'
Building CXX object CMakeFiles/cmTC_a66e4.dir/src.cxx.o
/usr/bin/g++-9 -DHAS_ATTRIBUTE_UNUSED  -std=c++17 -O3 -std=c++17 -march=native  -fPIE -o CMakeFiles/cmTC_a66e4.dir/src.cxx.o -c /home/anne/Masterarbeit/duneuro/build-release/duneuro-py/CMakeFiles/CMakeTmp/src.cxx
Linking CXX executable cmTC_a66e4
/usr/bin/cmake -E cmake_link_script CMakeFiles/cmTC_a66e4.dir/link.txt --verbose=1
/usr/bin/g++-9 -std=c++17 -O3 -std=c++17 -march=native  -rdynamic CMakeFiles/cmTC_a66e4.dir/src.cxx.o -o cmTC_a66e4 
gmake[1]: Leaving directory '/home/anne/Masterarbeit/duneuro/build-release/duneuro-py/CMakeFiles/CMakeTmp'


Source file was:

   int main(void)
   {
     int __attribute__((unused)) foo;
     return 0;
   };

Performing C++ SOURCE FILE Test HAS_ATTRIBUTE_DEPRECATED succeeded with the following output:
Change Dir: /home/anne/Masterarbeit/duneuro/build-release/duneuro-py/CMakeFiles/CMakeTmp

Run Build Command(s):/usr/bin/gmake -f Makefile cmTC_fc678/fast && /usr/bin/gmake  -f CMakeFiles/cmTC_fc678.dir/build.make CMakeFiles/cmTC_fc678.dir/build
gmake[1]: Entering directory '/home/anne/Masterarbeit/duneuro/build-release/duneuro-py/CMakeFiles/CMakeTmp'
Building CXX object CMakeFiles/cmTC_fc678.dir/src.cxx.o
/usr/bin/g++-9 -DHAS_ATTRIBUTE_DEPRECATED  -std=c++17 -O3 -std=c++17 -march=native  -fPIE -o CMakeFiles/cmTC_fc678.dir/src.cxx.o -c /home/anne/Masterarbeit/duneuro/build-release/duneuro-py/CMakeFiles/CMakeTmp/src.cxx
Linking CXX executable cmTC_fc678
/usr/bin/cmake -E cmake_link_script CMakeFiles/cmTC_fc678.dir/link.txt --verbose=1
/usr/bin/g++-9 -std=c++17 -O3 -std=c++17 -march=native  -rdynamic CMakeFiles/cmTC_fc678.dir/src.cxx.o -o cmTC_fc678 
gmake[1]: Leaving directory '/home/anne/Masterarbeit/duneuro/build-release/duneuro-py/CMakeFiles/CMakeTmp'


Source file was:

#define DEP __attribute__((deprecated))
   class bar
   {
     bar() DEP;
   };

   class peng { } DEP;

   template <class T>
   class t_bar
   {
     t_bar() DEP;
   };

   template <class T>
   class t_peng {
     t_peng() {};
   } DEP;

   void foo() DEP;

   void foo() {}

   int main(void)
   {
     return 0;
   };

Performing C++ SOURCE FILE Test HAS_ATTRIBUTE_DEPRECATED_MSG succeeded with the following output:
Change Dir: /home/anne/Masterarbeit/duneuro/build-release/duneuro-py/CMakeFiles/CMakeTmp

Run Build Command(s):/usr/bin/gmake -f Makefile cmTC_e02d5/fast && /usr/bin/gmake  -f CMakeFiles/cmTC_e02d5.dir/build.make CMakeFiles/cmTC_e02d5.dir/build
gmake[1]: Entering directory '/home/anne/Masterarbeit/duneuro/build-release/duneuro-py/CMakeFiles/CMakeTmp'
Building CXX object CMakeFiles/cmTC_e02d5.dir/src.cxx.o
/usr/bin/g++-9 -DHAS_ATTRIBUTE_DEPRECATED_MSG  -std=c++17 -O3 -std=c++17 -march=native  -fPIE -o CMakeFiles/cmTC_e02d5.dir/src.cxx.o -c /home/anne/Masterarbeit/duneuro/build-release/duneuro-py/CMakeFiles/CMakeTmp/src.cxx
Linking CXX executable cmTC_e02d5
/usr/bin/cmake -E cmake_link_script CMakeFiles/cmTC_e02d5.dir/link.txt --verbose=1
/usr/bin/g++-9 -std=c++17 -O3 -std=c++17 -march=native  -rdynamic CMakeFiles/cmTC_e02d5.dir/src.cxx.o -o cmTC_e02d5 
gmake[1]: Leaving directory '/home/anne/Masterarbeit/duneuro/build-release/duneuro-py/CMakeFiles/CMakeTmp'


Source file was:

#define DEP __attribute__((deprecated("message")))
   class bar {
     bar() DEP;
   };

   class peng { } DEP;

   template <class T>
   class t_bar
   {
     t_bar() DEP;
   };

   template <class T>
   class t_peng
   {
     t_peng() {};
   } DEP;

   void foo() DEP;

   void foo() {}

   int main(void)
   {
     return 0;
   };

Determining if the std::experimental::make_array<int,int> exist passed with the following output:
Change Dir: /home/anne/Masterarbeit/duneuro/build-release/duneuro-py/CMakeFiles/CMakeTmp

Run Build Command(s):/usr/bin/gmake -f Makefile cmTC_2378c/fast && /usr/bin/gmake  -f CMakeFiles/cmTC_2378c.dir/build.make CMakeFiles/cmTC_2378c.dir/build
gmake[1]: Entering directory '/home/anne/Masterarbeit/duneuro/build-release/duneuro-py/CMakeFiles/CMakeTmp'
Building CXX object CMakeFiles/cmTC_2378c.dir/CheckSymbolExists.cxx.o
/usr/bin/g++-9   -std=c++17 -O3 -std=c++17 -march=native  -fPIE -o CMakeFiles/cmTC_2378c.dir/CheckSymbolExists.cxx.o -c /home/anne/Masterarbeit/duneuro/build-release/duneuro-py/CMakeFiles/CMakeTmp/CheckSymbolExists.cxx
Linking CXX executable cmTC_2378c
/usr/bin/cmake -E cmake_link_script CMakeFiles/cmTC_2378c.dir/link.txt --verbose=1
/usr/bin/g++-9 -std=c++17 -O3 -std=c++17 -march=native  -rdynamic CMakeFiles/cmTC_2378c.dir/CheckSymbolExists.cxx.o -o cmTC_2378c 
gmake[1]: Leaving directory '/home/anne/Masterarbeit/duneuro/build-release/duneuro-py/CMakeFiles/CMakeTmp'


File /home/anne/Masterarbeit/duneuro/build-release/duneuro-py/CMakeFiles/CMakeTmp/CheckSymbolExists.cxx:
/* */
#include <experimental/array>

int main(int argc, char** argv)
{
  (void)argv;
  return ((int*)(&std::experimental::make_array<int,int>))[argc];
}
Determining if the std::move<std::experimental::detected_t<std::decay_t,int>> exist passed with the following output:
Change Dir: /home/anne/Masterarbeit/duneuro/build-release/duneuro-py/CMakeFiles/CMakeTmp

Run Build Command(s):/usr/bin/gmake -f Makefile cmTC_c5225/fast && /usr/bin/gmake  -f CMakeFiles/cmTC_c5225.dir/build.make CMakeFiles/cmTC_c5225.dir/build
gmake[1]: Entering directory '/home/anne/Masterarbeit/duneuro/build-release/duneuro-py/CMakeFiles/CMakeTmp'
Building CXX object CMakeFiles/cmTC_c5225.dir/CheckSymbolExists.cxx.o
/usr/bin/g++-9   -std=c++17 -O3 -std=c++17 -march=native  -fPIE -o CMakeFiles/cmTC_c5225.dir/CheckSymbolExists.cxx.o -c /home/anne/Masterarbeit/duneuro/build-release/duneuro-py/CMakeFiles/CMakeTmp/CheckSymbolExists.cxx
Linking CXX executable cmTC_c5225
/usr/bin/cmake -E cmake_link_script CMakeFiles/cmTC_c5225.dir/link.txt --verbose=1
/usr/bin/g++-9 -std=c++17 -O3 -std=c++17 -march=native  -rdynamic CMakeFiles/cmTC_c5225.dir/CheckSymbolExists.cxx.o -o cmTC_c5225 
gmake[1]: Leaving directory '/home/anne/Masterarbeit/duneuro/build-release/duneuro-py/CMakeFiles/CMakeTmp'


File /home/anne/Masterarbeit/duneuro/build-release/duneuro-py/CMakeFiles/CMakeTmp/CheckSymbolExists.cxx:
/* */
#include <utility>
#include <experimental/type_traits>

int main(int argc, char** argv)
{
  (void)argv;
  return ((int*)(&std::move<std::experimental::detected_t<std::decay_t,int>>))[argc];
}
Determining if the include file pthread.h exists passed with the following output:
Change Dir: /home/anne/Masterarbeit/duneuro/build-release/duneuro-py/CMakeFiles/CMakeTmp

Run Build Command(s):/usr/bin/gmake -f Makefile cmTC_cf65f/fast && /usr/bin/gmake  -f CMakeFiles/cmTC_cf65f.dir/build.make CMakeFiles/cmTC_cf65f.dir/build
gmake[1]: Entering directory '/home/anne/Masterarbeit/duneuro/build-release/duneuro-py/CMakeFiles/CMakeTmp'
Building C object CMakeFiles/cmTC_cf65f.dir/CheckIncludeFile.c.o
/usr/bin/gcc   -fPIE -o CMakeFiles/cmTC_cf65f.dir/CheckIncludeFile.c.o -c /home/anne/Masterarbeit/duneuro/build-release/duneuro-py/CMakeFiles/CMakeTmp/CheckIncludeFile.c
Linking C executable cmTC_cf65f
/usr/bin/cmake -E cmake_link_script CMakeFiles/cmTC_cf65f.dir/link.txt --verbose=1
/usr/bin/gcc -rdynamic CMakeFiles/cmTC_cf65f.dir/CheckIncludeFile.c.o -o cmTC_cf65f 
gmake[1]: Leaving directory '/home/anne/Masterarbeit/duneuro/build-release/duneuro-py/CMakeFiles/CMakeTmp'



Performing C SOURCE FILE Test CMAKE_HAVE_LIBC_PTHREAD succeeded with the following output:
Change Dir: /home/anne/Masterarbeit/duneuro/build-release/duneuro-py/CMakeFiles/CMakeTmp

Run Build Command(s):/usr/bin/gmake -f Makefile cmTC_47eab/fast && /usr/bin/gmake  -f CMakeFiles/cmTC_47eab.dir/build.make CMakeFiles/cmTC_47eab.dir/build
gmake[1]: Entering directory '/home/anne/Masterarbeit/duneuro/build-release/duneuro-py/CMakeFiles/CMakeTmp'
Building C object CMakeFiles/cmTC_47eab.dir/src.c.o
/usr/bin/gcc -DCMAKE_HAVE_LIBC_PTHREAD  -fPIE -o CMakeFiles/cmTC_47eab.dir/src.c.o -c /home/anne/Masterarbeit/duneuro/build-release/duneuro-py/CMakeFiles/CMakeTmp/src.c
Linking C executable cmTC_47eab
/usr/bin/cmake -E cmake_link_script CMakeFiles/cmTC_47eab.dir/link.txt --verbose=1
/usr/bin/gcc -rdynamic CMakeFiles/cmTC_47eab.dir/src.c.o -o cmTC_47eab 
gmake[1]: Leaving directory '/home/anne/Masterarbeit/duneuro/build-release/duneuro-py/CMakeFiles/CMakeTmp'


Source file was:
#include <pthread.h>

static void* test_func(void* data)
{
  return data;
}

int main(void)
{
  pthread_t thread;
  pthread_create(&thread, NULL, test_func, NULL);
  pthread_detach(thread);
  pthread_cancel(thread);
  pthread_join(thread, NULL);
  pthread_atfork(NULL, NULL, NULL);
  pthread_exit(NULL);

  return 0;
}

Determining if the function sgemm_ exists passed with the following output:
Change Dir: /home/anne/Masterarbeit/duneuro/build-release/duneuro-py/CMakeFiles/CMakeTmp

Run Build Command(s):/usr/bin/gmake -f Makefile cmTC_a8322/fast && /usr/bin/gmake  -f CMakeFiles/cmTC_a8322.dir/build.make CMakeFiles/cmTC_a8322.dir/build
gmake[1]: Entering directory '/home/anne/Masterarbeit/duneuro/build-release/duneuro-py/CMakeFiles/CMakeTmp'
Building C object CMakeFiles/cmTC_a8322.dir/CheckFunctionExists.c.o
/usr/bin/gcc   -DCHECK_FUNCTION_EXISTS=sgemm_ -fPIE -o CMakeFiles/cmTC_a8322.dir/CheckFunctionExists.c.o -c /usr/share/cmake-3.22/Modules/CheckFunctionExists.c
Linking C executable cmTC_a8322
/usr/bin/cmake -E cmake_link_script CMakeFiles/cmTC_a8322.dir/link.txt --verbose=1
/usr/bin/gcc  -DCHECK_FUNCTION_EXISTS=sgemm_ -rdynamic CMakeFiles/cmTC_a8322.dir/CheckFunctionExists.c.o -o cmTC_a8322  /usr/lib/x86_64-linux-gnu/libblas.so 
gmake[1]: Leaving directory '/home/anne/Masterarbeit/duneuro/build-release/duneuro-py/CMakeFiles/CMakeTmp'



Determining if the function cheev_ exists passed with the following output:
Change Dir: /home/anne/Masterarbeit/duneuro/build-release/duneuro-py/CMakeFiles/CMakeTmp

Run Build Command(s):/usr/bin/gmake -f Makefile cmTC_36723/fast && /usr/bin/gmake  -f CMakeFiles/cmTC_36723.dir/build.make CMakeFiles/cmTC_36723.dir/build
gmake[1]: Entering directory '/home/anne/Masterarbeit/duneuro/build-release/duneuro-py/CMakeFiles/CMakeTmp'
Building C object CMakeFiles/cmTC_36723.dir/CheckFunctionExists.c.o
/usr/bin/gcc   -DCHECK_FUNCTION_EXISTS=cheev_ -fPIE -o CMakeFiles/cmTC_36723.dir/CheckFunctionExists.c.o -c /usr/share/cmake-3.22/Modules/CheckFunctionExists.c
Linking C executable cmTC_36723
/usr/bin/cmake -E cmake_link_script CMakeFiles/cmTC_36723.dir/link.txt --verbose=1
/usr/bin/gcc  -DCHECK_FUNCTION_EXISTS=cheev_ -rdynamic CMakeFiles/cmTC_36723.dir/CheckFunctionExists.c.o -o cmTC_36723  /usr/lib/x86_64-linux-gnu/liblapack.so /usr/lib/x86_64-linux-gnu/libblas.so 
gmake[1]: Leaving directory '/home/anne/Masterarbeit/duneuro/build-release/duneuro-py/CMakeFiles/CMakeTmp'



Determining if the function dsyev_ exists passed with the following output:
Change Dir: /home/anne/Masterarbeit/duneuro/build-release/duneuro-py/CMakeFiles/CMakeTmp

Run Build Command(s):/usr/bin/gmake -f Makefile cmTC_fb489/fast && /usr/bin/gmake  -f CMakeFiles/cmTC_fb489.dir/build.make CMakeFiles/cmTC_fb489.dir/build
gmake[1]: Entering directory '/home/anne/Masterarbeit/duneuro/build-release/duneuro-py/CMakeFiles/CMakeTmp'
Building C object CMakeFiles/cmTC_fb489.dir/CheckFunctionExists.c.o
/usr/bin/gcc   -DCHECK_FUNCTION_EXISTS=dsyev_ -fPIE -o CMakeFiles/cmTC_fb489.dir/CheckFunctionExists.c.o -c /usr/share/cmake-3.22/Modules/CheckFunctionExists.c
Linking C executable cmTC_fb489
/usr/bin/cmake -E cmake_link_script CMakeFiles/cmTC_fb489.dir/link.txt --verbose=1
/usr/bin/gcc  -DCHECK_FUNCTION_EXISTS=dsyev_ -rdynamic CMakeFiles/cmTC_fb489.dir/CheckFunctionExists.c.o -o cmTC_fb489  /usr/lib/x86_64-linux-gnu/liblapack.so /usr/lib/x86_64-linux-gnu/libblas.so 
gmake[1]: Leaving directory '/home/anne/Masterarbeit/duneuro/build-release/duneuro-py/CMakeFiles/CMakeTmp'



Performing C++ SOURCE FILE Test QuadMath_COMPILES succeeded with the following output:
Change Dir: /home/anne/Masterarbeit/duneuro/build-release/duneuro-py/CMakeFiles/CMakeTmp

Run Build Command(s):/usr/bin/gmake -f Makefile cmTC_54047/fast && /usr/bin/gmake  -f CMakeFiles/cmTC_54047.dir/build.make CMakeFiles/cmTC_54047.dir/build
gmake[1]: Entering directory '/home/anne/Masterarbeit/duneuro/build-release/duneuro-py/CMakeFiles/CMakeTmp'
Building CXX object CMakeFiles/cmTC_54047.dir/src.cxx.o
/usr/bin/g++-9 -DQuadMath_COMPILES  -std=c++17 -O3 -std=c++17 -march=native -fext-numeric-literals -fPIE -o CMakeFiles/cmTC_54047.dir/src.cxx.o -c /home/anne/Masterarbeit/duneuro/build-release/duneuro-py/CMakeFiles/CMakeTmp/src.cxx
Linking CXX executable cmTC_54047
/usr/bin/cmake -E cmake_link_script CMakeFiles/cmTC_54047.dir/link.txt --verbose=1
/usr/bin/g++-9 -std=c++17 -O3 -std=c++17 -march=native -fext-numeric-literals -rdynamic CMakeFiles/cmTC_54047.dir/src.cxx.o -o cmTC_54047  -lquadmath 
gmake[1]: Leaving directory '/home/anne/Masterarbeit/duneuro/build-release/duneuro-py/CMakeFiles/CMakeTmp'


Source file was:

#include <quadmath.h>

int main ()
{
  __float128 r = 1.0q;
  r = strtoflt128("1.2345678", NULL);
  return 0;
}
Determining if the function mkstemp exists passed with the following output:
Change Dir: /home/anne/Masterarbeit/duneuro/build-release/duneuro-py/CMakeFiles/CMakeTmp

Run Build Command(s):/usr/bin/gmake -f Makefile cmTC_c730e/fast && /usr/bin/gmake  -f CMakeFiles/cmTC_c730e.dir/build.make CMakeFiles/cmTC_c730e.dir/build
gmake[1]: Entering directory '/home/anne/Masterarbeit/duneuro/build-release/duneuro-py/CMakeFiles/CMakeTmp'
Building C object CMakeFiles/cmTC_c730e.dir/CheckFunctionExists.c.o
/usr/bin/gcc   -DCHECK_FUNCTION_EXISTS=mkstemp -fPIE -o CMakeFiles/cmTC_c730e.dir/CheckFunctionExists.c.o -c /usr/share/cmake-3.22/Modules/CheckFunctionExists.c
Linking C executable cmTC_c730e
/usr/bin/cmake -E cmake_link_script CMakeFiles/cmTC_c730e.dir/link.txt --verbose=1
/usr/bin/gcc  -DCHECK_FUNCTION_EXISTS=mkstemp -rdynamic CMakeFiles/cmTC_c730e.dir/CheckFunctionExists.c.o -o cmTC_c730e 
gmake[1]: Leaving directory '/home/anne/Masterarbeit/duneuro/build-release/duneuro-py/CMakeFiles/CMakeTmp'



Determining location of SuperLU succeeded:
Include directory: /usr/include/superlu
Library directory: /usr/lib/x86_64-linux-gnu/libsuperlu.so

Determing location of ARPACK succeeded:
Libraries to link against: /usr/lib/x86_64-linux-gnu/libarpack.so

Determining location of SuperLU succeeded:
Include directory: /usr/include/superlu
Library directory: /usr/lib/x86_64-linux-gnu/libsuperlu.so

Determing location of ARPACK succeeded:
Libraries to link against: /usr/lib/x86_64-linux-gnu/libarpack.so

Determining location of SuperLU succeeded:
Include directory: /usr/include/superlu
Library directory: /usr/lib/x86_64-linux-gnu/libsuperlu.so

Determing location of ARPACK succeeded:
Libraries to link against: /usr/lib/x86_64-linux-gnu/libarpack.so

